<?xml version="1.0" encoding="UTF-8"?>
<testng-results skipped="0" failed="0" total="1" passed="1">
  <reporter-output>
  </reporter-output>
  <suite name="Command line suite" duration-ms="12059" started-at="2014-12-29T12:58:35Z" finished-at="2014-12-29T12:58:47Z">
    <groups>
    </groups>
    <test name="Command line test" duration-ms="12059" started-at="2014-12-29T12:58:35Z" finished-at="2014-12-29T12:58:47Z">
      <class name="com.browser.tests.TestBrowsers">
        <test-method status="PASS" signature="setUp(java.lang.String)[pri:0, instance:com.browser.tests.TestBrowsers@4045acb5]" name="setUp" is-config="true" duration-ms="5665" started-at="2014-12-29T14:58:35Z" finished-at="2014-12-29T14:58:41Z">
          <params>
            <param index="0">
              <value>
                <![CDATA[firefox]]>
              </value>
            </param>
          </params>
          <reporter-output>
          </reporter-output>
        </test-method> <!-- setUp -->
        <test-method status="PASS" signature="TestBrowser()[pri:0, instance:com.browser.tests.TestBrowsers@4045acb5]" name="TestBrowser" duration-ms="6222" started-at="2014-12-29T14:58:41Z" finished-at="2014-12-29T14:58:47Z">
          <reporter-output>
          </reporter-output>
        </test-method> <!-- TestBrowser -->
        <test-method status="PASS" signature="tearDown()[pri:0, instance:com.browser.tests.TestBrowsers@4045acb5]" name="tearDown" is-config="true" duration-ms="162" started-at="2014-12-29T14:58:47Z" finished-at="2014-12-29T14:58:47Z">
          <reporter-output>
          </reporter-output>
        </test-method> <!-- tearDown -->
      </class> <!-- com.browser.tests.TestBrowsers -->
    </test> <!-- Command line test -->
  </suite> <!-- Command line suite -->
</testng-results>
